#
# A fatal error has been detected by the Java Runtime Environment:
#
#  EXCEPTION_ACCESS_VIOLATION (0xc0000005) at pc=0x000000000f033da4, pid=8228, tid=0x00000000000023a8
#
# JRE version: Java(TM) SE Runtime Environment (8.0_92-b14) (build 1.8.0_92-b14)
# Java VM: Java HotSpot(TM) 64-Bit Server VM (25.92-b14 mixed mode windows-amd64 compressed oops)
# Problematic frame:
# j  sun.java2d.Disposer.addRecord(Ljava/lang/Object;Lsun/java2d/DisposerRecord;)V+5
#
# Failed to write core dump. Minidumps are not enabled by default on client versions of Windows
#
# If you would like to submit a bug report, please visit:
#   http://bugreport.java.com/bugreport/crash.jsp
#

---------------  T H R E A D  ---------------

Current thread (0x0000000002270800):  JavaThread "main" [_thread_in_Java, id=9128, stack(0x0000000002170000,0x0000000002270000)]

siginfo: ExceptionCode=0xc0000005, reading address 0x0000000800000000

Registers:
RAX=0x0000000000000000, RBX=0x0000000000000006, RCX=0x00000007fffffff8, RDX=0x0000000090000003
RSP=0x000000000226edb0, RBP=0x000000000226ee10, RSI=0x0000000021000021, RDI=0x000000000f01835d
R8 =0x0000000000000004, R9 =0x000000076dceaf80, R10=0x000000006dc67f20, R11=0x000000000e190ba0
R12=0x0000000000000000, R13=0x000000000c01c85d, R14=0x000000000226ee28, R15=0x0000000002270800
RIP=0x000000000f033da4, EFLAGS=0x0000000000010246

Top of Stack: (sp=0x000000000226edb0)
0x000000000226edb0:   000000000f01835d 000000076f31ce08
0x000000000226edc0:   000000076f31ce18 00000007fffffff8
0x000000000226edd0:   000000000226edd0 000000000c01c85d
0x000000000226ede0:   000000000226ee28 000000000c01d150
0x000000000226edf0:   0000000000000000 000000000c01c868
0x000000000226ee00:   0000000000000000 000000000226ee20
0x000000000226ee10:   000000000226ee70 000000000f01835d
0x000000000226ee20:   000000076f31ce08 000000076f31ce18
0x000000000226ee30:   000000000226ee30 000000000c165537
0x000000000226ee40:   000000000226ee88 000000000c167fc0
0x000000000226ee50:   0000000000000000 000000000c165558
0x000000000226ee60:   000000000226ee20 000000000226ee80
0x000000000226ee70:   000000000226eed0 000000000f01835d
0x000000000226ee80:   000000076f31acc0 000000076f31ac80
0x000000000226ee90:   000000000226ee90 000000000c16545b
0x000000000226eea0:   000000000226eee8 000000000c167fc0 

Instructions: (pc=0x000000000f033da4)
0x000000000f033d84:   10 4c 8b 68 d8 41 83 ed 04 41 c1 e5 03 49 03 c5
0x000000000f033d94:   48 89 45 e0 4c 8d 6c 24 08 4c 89 6d f0 ff 63 50
0x000000000f033da4:   8b 41 08 48 c1 e0 03 4c 8b 75 e0 4d 85 f6 0f 84
0x000000000f033db4:   95 00 00 00 49 8b 56 10 48 3b d0 0f 85 0f 00 00 


Register to memory mapping:

RAX=0x0000000000000000 is an unknown value
RBX=0x0000000000000006 is an unknown value
RCX=0x00000007fffffff8 is an unknown value
RDX=0x0000000090000003 is an unknown value
RSP=0x000000000226edb0 is pointing into the stack for thread: 0x0000000002270800
RBP=0x000000000226ee10 is pointing into the stack for thread: 0x0000000002270800
RSI=0x0000000021000021 is an unknown value
RDI=0x000000000f01835d is at code_begin+2301 in an Interpreter codelet
invoke return entry points  [0x000000000f017a60, 0x000000000f018440]  2528 bytes
R8 =0x0000000000000004 is an unknown value
R9 =0x000000076dceaf80 is an oop

[error occurred during error reporting (printing register info), id 0xc0000005]

Stack: [0x0000000002170000,0x0000000002270000],  sp=0x000000000226edb0,  free space=1019k
Native frames: (J=compiled Java code, j=interpreted, Vv=VM code, C=native code)
C  0x000000000f033da4


---------------  P R O C E S S  ---------------

Java Threads: ( => current thread )
  0x000000000e275800 JavaThread "AWT-Windows" daemon [_thread_in_native, id=3028, stack(0x00000000204d0000,0x00000000205d0000)]
  0x000000000e273000 JavaThread "AWT-Shutdown" [_thread_blocked, id=9544, stack(0x00000000203d0000,0x00000000204d0000)]
  0x000000000e5f3800 
[error occurred during error reporting (printing all threads), id 0xc0000005]

VM state:not at safepoint (normal execution)

VM Mutex/Monitor currently owned by a thread: None

Heap:
 PSYoungGen      total 74240K, used 26798K [0x000000076d980000, 0x0000000772c00000, 0x00000007c0000000)
  eden space 64000K, 41% used [0x000000076d980000,0x000000076f3abb50,0x0000000771800000)
  from space 10240K, 0% used [0x0000000772200000,0x0000000772200000,0x0000000772c00000)
  to   space 10240K, 0% used [0x0000000771800000,0x0000000771800000,0x0000000772200000)
 ParOldGen       total 169472K, used 0K [0x00000006c8c00000, 0x00000006d3180000, 0x000000076d980000)
  object space 169472K, 0% used [0x00000006c8c00000,0x00000006c8c00000,0x00000006d3180000)
 Metaspace       used 6724K, capacity 6902K, committed 7040K, reserved 1056768K
  class space    used 744K, capacity 831K, committed 896K, reserved 1048576K

Card table byte_map: [0x0000000002730000,0x0000000002ef0000] byte_map_base: 0xffffffffff0ea000

Marking Bits: (ParMarkBitMap*) 0x000000006dc864f0
 Begin Bits: [0x0000000003820000, 0x00000000075f0000)
 End Bits:   [0x00000000075f0000, 0x000000000b3c0000)

Polling page: 0x0000000000920000

CodeCache: size=245760Kb used=1963Kb max_used=1969Kb free=243796Kb
 bounds [0x000000000f010000, 0x000000000f280000, 0x000000001e010000]
 total_blobs=758 nmethods=339 adapters=332
 compilation: enabled

Compilation events (10 events):
Event: 1.778 Thread 0x000000000c521000 nmethod 334 0x000000000f1f0d50 code [0x000000000f1f0ea0, 0x000000000f1f0fb0]
Event: 1.778 Thread 0x000000000c51b000 nmethod 335 0x000000000f1d74d0 code [0x000000000f1d7620, 0x000000000f1d76f8]
Event: 1.778 Thread 0x000000000c521000  336       3       java.util.BitSet::checkInvariants (111 bytes)
Event: 1.778 Thread 0x000000000c521000 nmethod 336 0x000000000f1d7190 code [0x000000000f1d72e0, 0x000000000f1d7470]
Event: 1.841 Thread 0x000000000c521000  338       3       java.nio.Buffer::checkIndex (22 bytes)
Event: 1.841 Thread 0x000000000c521000 nmethod 338 0x000000000f1dcdd0 code [0x000000000f1dcf40, 0x000000000f1dd188]
Event: 1.841 Thread 0x000000000c521000  337       1       java.security.ProtectionDomain::getCodeSource (5 bytes)
Event: 1.841 Thread 0x000000000c521000 nmethod 337 0x000000000f1d6e10 code [0x000000000f1d6f60, 0x000000000f1d7070]
Event: 1.849 Thread 0x000000000c521000  339       3       java.util.HashMap$HashIterator::hasNext (13 bytes)
Event: 1.849 Thread 0x000000000c521000 nmethod 339 0x000000000f1dca50 code [0x000000000f1dcba0, 0x000000000f1dcd50]

GC Heap History (0 events):
No events

Deoptimization events (1 events):
Event: 1.775 Thread 0x0000000002270800 Uncommon trap: reason=unstable_if action=reinterpret pc=0x000000000f1efd40 method=sun.awt.image.OffScreenImageSource.sendPixels()V @ 663

Internal exceptions (10 events):
Event: 0.058 Thread 0x0000000002270800 Exception <a 'java/lang/NoSuchMethodError': Method sun.misc.Unsafe.defineClass(Ljava/lang/String;[BII)Ljava/lang/Class; name or signature does not match> (0x000000076d987cc0) thrown at [D:\re\workspace\8-2-build-windows-amd64-cygwin\jdk8u92\6642\hotspot\srèß”ô¸ß≠?
Event: 0.058 Thread 0x0000000002270800 Exception <a 'java/lang/NoSuchMethodError': Method sun.misc.Unsafe.prefetchRead(Ljava/lang/Object;J)V name or signature does not match> (0x000000076d987fa8) thrown at [D:\re\workspace\8-2-build-windows-amd64-cygwin\jdk8u92\6642\hotspot\src\share\vm\prims\j"Ä˙ÑØ¸…?
Event: 0.203 Thread 0x0000000002270800 Exception <a 'java/security/PrivilegedActionException'> (0x000000076da29b98) thrown at [D:\re\workspace\8-2-build-windows-amd64-cygwin\jdk8u92\6642\hotspot\src\share\vm\prims\jvm.cpp, line 1386]
Event: 0.203 Thread 0x0000000002270800 Exception <a 'java/security/PrivilegedActionException'> (0x000000076da29da8) thrown at [D:\re\workspace\8-2-build-windows-amd64-cygwin\jdk8u92\6642\hotspot\src\share\vm\prims\jvm.cpp, line 1386]
Event: 0.205 Thread 0x0000000002270800 Exception <a 'java/security/PrivilegedActionException'> (0x000000076da2ddd8) thrown at [D:\re\workspace\8-2-build-windows-amd64-cygwin\jdk8u92\6642\hotspot\src\share\vm\prims\jvm.cpp, line 1386]
Event: 0.205 Thread 0x0000000002270800 Exception <a 'java/security/PrivilegedActionException'> (0x000000076da2dfe8) thrown at [D:\re\workspace\8-2-build-windows-amd64-cygwin\jdk8u92\6642\hotspot\src\share\vm\prims\jvm.cpp, line 1386]
Event: 0.210 Thread 0x0000000002270800 Exception <a 'java/io/FileNotFoundException'> (0x000000076da30790) thrown at [D:\re\workspace\8-2-build-windows-amd64-cygwin\jdk8u92\6642\hotspot\src\share\vm\prims\jni.cpp, line 709]
Event: 0.289 Thread 0x0000000002270800 Exception <a 'java/lang/NoSuchFieldError': method resolution failed> (0x000000076dc3e170) thrown at [D:\re\workspace\8-2-build-windows-amd64-cygwin\jdk8u92\6642\hotspot\src\share\vm\prims\methodHandles.cpp, line 1146]
Event: 0.295 Thread 0x0000000002270800 Exception <a 'java/lang/NoSuchFieldError': method resolution failed> (0x000000076dc4b728) thrown at [D:\re\workspace\8-2-build-windows-amd64-cygwin\jdk8u92\6642\hotspot\src\share\vm\prims\methodHandles.cpp, line 1146]
Event: 0.401 Thread 0x0000000002270800 Exception <a 'java/io/FileNotFoundException'> (0x000000076dcea498) thrown at [D:\re\workspace\8-2-build-windows-amd64-cygwin\jdk8u92\6642\hotspot\src\share\vm\prims\jni.cpp, line 709]

Events (10 events):
Event: 1.849 loading class javax/imageio/ImageIO$ImageWriterIterator
Event: 1.849 loading class javax/imageio/ImageIO$ImageWriterIterator done
Event: 1.849 loading class com/sun/imageio/plugins/png/PNGImageWriter
Event: 1.850 loading class com/sun/imageio/plugins/png/PNGImageWriter done
Event: 1.850 loading class com/sun/imageio/plugins/png/RowFilter
Event: 1.850 loading class com/sun/imageio/plugins/png/RowFilter done
Event: 1.850 loading class javax/imageio/stream/FileImageOutputStream
Event: 1.850 loading class javax/imageio/stream/ImageOutputStreamImpl
Event: 1.850 loading class javax/imageio/stream/ImageOutputStreamImpl done
Event: 1.850 loading class javax/imageio/stream/FileImageOutputStream done


Dynamic libraries:
0x00007ff7454c0000 - 0x00007ff7454f7000 	C:\Program Files\Java\jdk1.8.0_92\bin\java.exe
0x00007fffca980000 - 0x00007fffcab2d000 	C:\Windows\SYSTEM32\ntdll.dll
0x00007fffc8450000 - 0x00007fffc858e000 	C:\Windows\system32\KERNEL32.DLL
0x00007fffc7df0000 - 0x00007fffc7f05000 	C:\Windows\system32\KERNELBASE.dll
0x00007fffc6560000 - 0x00007fffc65ee000 	C:\Windows\system32\apphelp.dll
0x00007fffbc550000 - 0x00007fffbc5a3000 	C:\Windows\AppPatch\AppPatch64\AcGenral.DLL
0x00007fffc80e0000 - 0x00007fffc818a000 	C:\Windows\system32\msvcrt.dll
0x00007fffc7dc0000 - 0x00007fffc7dee000 	C:\Windows\system32\SspiCli.dll
0x00007fffca3d0000 - 0x00007fffca424000 	C:\Windows\system32\SHLWAPI.dll
0x00007fffca730000 - 0x00007fffca8a7000 	C:\Windows\system32\USER32.dll
0x00007fffca430000 - 0x00007fffca5c4000 	C:\Windows\system32\ole32.dll
0x00007fffc8b60000 - 0x00007fffca08a000 	C:\Windows\system32\SHELL32.dll
0x00007fffc70c0000 - 0x00007fffc70e1000 	C:\Windows\SYSTEM32\USERENV.dll
0x00007fffca0a0000 - 0x00007fffca14a000 	C:\Windows\system32\ADVAPI32.dll
0x00007fffb7d30000 - 0x00007fffb7d4e000 	C:\Windows\SYSTEM32\MPR.dll
0x00007fffc8190000 - 0x00007fffc82d0000 	C:\Windows\system32\RPCRT4.dll
0x00007fffc88d0000 - 0x00007fffc8929000 	C:\Windows\SYSTEM32\sechost.dll
0x00007fffca1b0000 - 0x00007fffca3c1000 	C:\Windows\SYSTEM32\combase.dll
0x00007fffc82e0000 - 0x00007fffc8430000 	C:\Windows\system32\GDI32.dll
0x00007fffc7ab0000 - 0x00007fffc7ac5000 	C:\Windows\SYSTEM32\profapi.dll
0x00007fffc65f0000 - 0x00007fffc66a2000 	C:\Windows\SYSTEM32\SHCORE.dll
0x00007fffc85f0000 - 0x00007fffc8626000 	C:\Windows\system32\IMM32.DLL
0x00007fffca5d0000 - 0x00007fffca722000 	C:\Windows\system32\MSCTF.dll
0x00007fffc7a60000 - 0x00007fffc7a91000 	C:\Windows\system32\nvinitx.dll
0x000000000f000000 - 0x000000000f006000 	C:\Program Files\NVIDIA Corporation\CoProcManager\_etoured.dll
0x00007fffc5c40000 - 0x00007fffc5c72000 	C:\Program Files\NVIDIA Corporation\CoProcManager\nvd3d9wrapx.dll
0x00007fffc8630000 - 0x00007fffc880a000 	C:\Windows\system32\SETUPAPI.dll
0x00007fffc7f10000 - 0x00007fffc7f5f000 	C:\Windows\system32\CFGMGR32.dll
0x00007fffc5c10000 - 0x00007fffc5c32000 	C:\Program Files\NVIDIA Corporation\CoProcManager\nvdxgiwrapx.dll
0x00007fffc56b0000 - 0x00007fffc592b000 	C:\Windows\WinSxS\amd64_microsoft.windows.common-controls_6595b64144ccf1df_6.0.9600.18006_none_623f33d3ecbe86e8\COMCTL32.dll
0x000000006d390000 - 0x000000006d462000 	C:\Program Files\Java\jdk1.8.0_92\jre\bin\msvcr100.dll
0x000000006d470000 - 0x000000006dd06000 	C:\Program Files\Java\jdk1.8.0_92\jre\bin\server\jvm.dll
0x00007fffbebd0000 - 0x00007fffbebd9000 	C:\Windows\SYSTEM32\WSOCK32.dll
0x00007fffc5930000 - 0x00007fffc5952000 	C:\Windows\SYSTEM32\WINMM.dll
0x00007fffc5960000 - 0x00007fffc596a000 	C:\Windows\SYSTEM32\VERSION.dll
0x00007fffc8b50000 - 0x00007fffc8b57000 	C:\Windows\system32\PSAPI.DLL
0x00007fffca150000 - 0x00007fffca1aa000 	C:\Windows\system32\WS2_32.dll
0x00007fffc54c0000 - 0x00007fffc54ea000 	C:\Windows\SYSTEM32\WINMMBASE.dll
0x00007fffc80d0000 - 0x00007fffc80d9000 	C:\Windows\system32\NSI.dll
0x00007fffc68b0000 - 0x00007fffc68d8000 	C:\Windows\SYSTEM32\DEVOBJ.dll
0x000000006d340000 - 0x000000006d34f000 	C:\Program Files\Java\jdk1.8.0_92\jre\bin\verify.dll
0x000000006d310000 - 0x000000006d339000 	C:\Program Files\Java\jdk1.8.0_92\jre\bin\java.dll
0x000000006d2f0000 - 0x000000006d306000 	C:\Program Files\Java\jdk1.8.0_92\jre\bin\zip.dll
0x000000006d110000 - 0x000000006d2a8000 	C:\Program Files\Java\jdk1.8.0_92\jre\bin\awt.dll
0x00007fffca8b0000 - 0x00007fffca971000 	C:\Windows\system32\OLEAUT32.dll
0x00007fffc5970000 - 0x00007fffc5991000 	C:\Windows\system32\DWMAPI.DLL
0x00007fffc6710000 - 0x00007fffc6839000 	C:\Windows\system32\uxtheme.dll
0x00007fffc2570000 - 0x00007fffc25ac000 	C:\Users\Dennis\AppData\Local\Temp\JOCL_0_2_0-windows-x86_64.dll
0x00007fffc09a0000 - 0x00007fffc09b5000 	C:\Windows\SYSTEM32\OpenCL.dll
0x00007fffbc4f0000 - 0x00007fffbc541000 	C:\Windows\SYSTEM32\IntelOpenCL64.dll
0x00007fffbbd00000 - 0x00007fffbbdfd000 	C:\Program Files (x86)\Common Files\Intel\OpenCL\bin\x64\intelocl64.dll
0x00007fffbc470000 - 0x00007fffbc4e6000 	C:\Program Files (x86)\Common Files\Intel\OpenCL\bin\x64\task_executor64.dll
0x00007fffacad0000 - 0x00007fffacbfb000 	C:\Windows\SYSTEM32\OPENGL32.dll
0x00007fffacaa0000 - 0x00007fffacace000 	C:\Windows\SYSTEM32\GLU32.dll
0x00007fffaf180000 - 0x00007fffaf278000 	C:\Windows\SYSTEM32\DDRAW.dll
0x00007fffc4060000 - 0x00007fffc4069000 	C:\Windows\SYSTEM32\DCIMAN32.dll
0x00007fffc00a0000 - 0x00007fffc00d2000 	C:\Windows\SYSTEM32\ntmarta.dll
0x00007fffbbc70000 - 0x00007fffbbcfe000 	C:\Program Files (x86)\Common Files\Intel\OpenCL\bin\x64\cpu_device64.dll
0x00007fffbbc00000 - 0x00007fffbbc6b000 	C:\Program Files (x86)\Common Files\Intel\OpenCL\bin\x64\tbb\tbb.dll
0x00007fffacc40000 - 0x00007fffacf72000 	C:\Windows\SYSTEM32\igdrcl64.dll
0x00007fffa78e0000 - 0x00007fffa91b1000 	C:\Windows\SYSTEM32\igdfcl64.dll
0x00007fffb82f0000 - 0x00007fffb8479000 	C:\Windows\SYSTEM32\dbghelp.dll
0x00007fffbbba0000 - 0x00007fffbbbf5000 	C:\Windows\SYSTEM32\igdbcl64.dll
0x00007fffc27a0000 - 0x00007fffc2be0000 	C:\Windows\SYSTEM32\igdusc64.dll
0x00007fffa6b60000 - 0x00007fffa78da000 	C:\Windows\System32\nvopencl.dll
0x00007fffc4bc0000 - 0x00007fffc4f03000 	C:\Windows\system32\nvapi64.dll
0x000000000ef70000 - 0x000000000efc1000 	C:\Windows\system32\WINTRUST.dll
0x00007fffc7b80000 - 0x00007fffc7d5f000 	C:\Windows\system32\CRYPT32.dll
0x00007fffc7b60000 - 0x00007fffc7b71000 	C:\Windows\system32\MSASN1.dll
0x000000006cd50000 - 0x000000006cd81000 	C:\Program Files\Java\jdk1.8.0_92\jre\bin\jpeg.dll
0x00007fffc1df0000 - 0x00007fffc1f68000 	C:\Program Files (x86)\Stardock\Start8\Start8_64.dll
0x00007fffc6900000 - 0x00007fffc690b000 	C:\Windows\SYSTEM32\kernel.appcore.dll
0x00007fffc79b0000 - 0x00007fffc79bb000 	C:\Windows\SYSTEM32\CRYPTBASE.dll
0x00007fffc7940000 - 0x00007fffc79a3000 	C:\Windows\SYSTEM32\bcryptPrimitives.dll
0x00007fffa5760000 - 0x00007fffa6b5d000 	C:\Windows\system32\nvcompiler.dll

VM Arguments:
jvm_args: -Dfile.encoding=UTF-8 
java_command: senpai.SenpAI
java_class_path (initial): C:\htdocs\Projects\JavaStuff\JOCLFTW\lib\JOCL-0.2.0RC.jar;C:\htdocs\Projects\JavaStuff\SenpAI\build\classes
Launcher Type: SUN_STANDARD

Environment Variables:
JAVA_HOME=C:\Program Files\Java\jdk1.8.0_92
PATH=C:\ProgramData\Oracle\Java\javapath;C:\Program Files (x86)\NVIDIA Corporation\PhysX\Common;C:\Windows\system32;C:\Windows;C:\Windows\System32\Wbem;C:\Windows\System32\WindowsPowerShell\v1.0\;C:\Program Files\OpenVPN\bin;C:\Program Files (x86)\Skype\Phone\;C:\Program Files\Git\cmd;C:\Program Files\Git\mingw64\bin;C:\Program Files\Git\usr\bin;C:\Program Files\TortoiseSVN\bin;C:\Program Files (x86)\Nmap;C:\MinGW\bin;C:\MinGW\MSYS\1.0\bin;C:\Program Files (x86)\apache-maven-3.3.9\bin;D:\SSD Symlinked\MiKTeX 2.9\miktex\bin\x64\
USERNAME=Dennis
OS=Windows_NT
PROCESSOR_IDENTIFIER=Intel64 Family 6 Model 69 Stepping 1, GenuineIntel



---------------  S Y S T E M  ---------------

OS: Windows 8.1 , 64 bit Build 9600 (6.3.9600.17415)

CPU:total 4 (2 cores per cpu, 2 threads per core) family 6 model 69 stepping 1, cmov, cx8, fxsr, mmx, sse, sse2, sse3, ssse3, sse4.1, sse4.2, popcnt, avx, avx2, aes, clmul, erms, lzcnt, ht, tsc, tscinvbit, bmi1, bmi2

Memory: 4k page, physical 16198744k(10602120k free), swap 16198744k(9789384k free)

vm_info: Java HotSpot(TM) 64-Bit Server VM (25.92-b14) for windows-amd64 JRE (1.8.0_92-b14), built on Mar 31 2016 21:03:04 by "java_re" with MS VC++ 10.0 (VS2010)

time: Thu Jun 16 08:48:38 2016
elapsed time: 1 seconds (0d 0h 0m 1s)

