#
# A fatal error has been detected by the Java Runtime Environment:
#
#  EXCEPTION_ACCESS_VIOLATION (0xc0000005) at pc=0x000000000f033da4, pid=10644, tid=0x0000000000002af4
#
# JRE version: Java(TM) SE Runtime Environment (8.0_92-b14) (build 1.8.0_92-b14)
# Java VM: Java HotSpot(TM) 64-Bit Server VM (25.92-b14 mixed mode windows-amd64 compressed oops)
# Problematic frame:
# j  sun.java2d.Disposer.addRecord(Ljava/lang/Object;Lsun/java2d/DisposerRecord;)V+5
#
# Failed to write core dump. Minidumps are not enabled by default on client versions of Windows
#
# If you would like to submit a bug report, please visit:
#   http://bugreport.java.com/bugreport/crash.jsp
#

---------------  T H R E A D  ---------------

Current thread (0x0000000002580800):  JavaThread "main" [_thread_in_Java, id=10996, stack(0x00000000023b0000,0x00000000024b0000)]

siginfo: ExceptionCode=0xc0000005, reading address 0x0000000800000000

Registers:
RAX=0x0000000000000000, RBX=0x0000000000000006, RCX=0x00000007fffffff8, RDX=0x0000000090000003
RSP=0x00000000024af220, RBP=0x00000000024af280, RSI=0x0000000021000021, RDI=0x000000000f01835d
R8 =0x0000000000000004, R9 =0x000000076dceaca8, R10=0x000000006dc67f20, R11=0x000000000e4ee7a0
R12=0x0000000000000000, R13=0x000000000c32c85d, R14=0x00000000024af298, R15=0x0000000002580800
RIP=0x000000000f033da4, EFLAGS=0x0000000000010246

Top of Stack: (sp=0x00000000024af220)
0x00000000024af220:   000000000f01835d 000000076f31ce38
0x00000000024af230:   000000076f31ce48 00000007fffffff8
0x00000000024af240:   00000000024af240 000000000c32c85d
0x00000000024af250:   00000000024af298 000000000c32d150
0x00000000024af260:   0000000000000000 000000000c32c868
0x00000000024af270:   0000000000000000 00000000024af290
0x00000000024af280:   00000000024af2e0 000000000f01835d
0x00000000024af290:   000000076f31ce38 000000076f31ce48
0x00000000024af2a0:   00000000024af2a0 000000000c4737ef
0x00000000024af2b0:   00000000024af2f8 000000000c476278
0x00000000024af2c0:   0000000000000000 000000000c473810
0x00000000024af2d0:   00000000024af290 00000000024af2f0
0x00000000024af2e0:   00000000024af340 000000000f01835d
0x00000000024af2f0:   000000076f31acf0 000000076f31acb0
0x00000000024af300:   00000000024af300 000000000c473713
0x00000000024af310:   00000000024af358 000000000c476278 

Instructions: (pc=0x000000000f033da4)
0x000000000f033d84:   10 4c 8b 68 d8 41 83 ed 04 41 c1 e5 03 49 03 c5
0x000000000f033d94:   48 89 45 e0 4c 8d 6c 24 08 4c 89 6d f0 ff 63 50
0x000000000f033da4:   8b 41 08 48 c1 e0 03 4c 8b 75 e0 4d 85 f6 0f 84
0x000000000f033db4:   95 00 00 00 49 8b 56 10 48 3b d0 0f 85 0f 00 00 


Register to memory mapping:

RAX=0x0000000000000000 is an unknown value
RBX=0x0000000000000006 is an unknown value
RCX=0x00000007fffffff8 is an unknown value
RDX=0x0000000090000003 is an unknown value
RSP=0x00000000024af220 is pointing into the stack for thread: 0x0000000002580800
RBP=0x00000000024af280 is pointing into the stack for thread: 0x0000000002580800
RSI=0x0000000021000021 is an unknown value
RDI=0x000000000f01835d is at code_begin+2301 in an Interpreter codelet
invoke return entry points  [0x000000000f017a60, 0x000000000f018440]  2528 bytes
R8 =0x0000000000000004 is an unknown value
R9 =0x000000076dceaca8 is an oop

[error occurred during error reporting (printing register info), id 0xc0000005]

Stack: [0x00000000023b0000,0x00000000024b0000],  sp=0x00000000024af220,  free space=1020k
Native frames: (J=compiled Java code, j=interpreted, Vv=VM code, C=native code)
C  0x000000000f033da4


---------------  P R O C E S S  ---------------

Java Threads: ( => current thread )
  0x000000000e58e000 JavaThread "AWT-Windows" daemon [_thread_in_native, id=8264, stack(0x0000000020930000,0x0000000020a30000)]
  0x000000002004a800 JavaThread "AWT-Shutdown" [_thread_blocked, id=10868, stack(0x0000000020830000,0x0000000020930000)]
  0x000000000e560800 
[error occurred during error reporting (printing all threads), id 0xc0000005]

VM state:not at safepoint (normal execution)

VM Mutex/Monitor currently owned by a thread: None

Heap:
 PSYoungGen      total 74240K, used 26798K [0x000000076d980000, 0x0000000772c00000, 0x00000007c0000000)
  eden space 64000K, 41% used [0x000000076d980000,0x000000076f3abb80,0x0000000771800000)
  from space 10240K, 0% used [0x0000000772200000,0x0000000772200000,0x0000000772c00000)
  to   space 10240K, 0% used [0x0000000771800000,0x0000000771800000,0x0000000772200000)
 ParOldGen       total 169472K, used 0K [0x00000006c8c00000, 0x00000006d3180000, 0x000000076d980000)
  object space 169472K, 0% used [0x00000006c8c00000,0x00000006c8c00000,0x00000006d3180000)
 Metaspace       used 6717K, capacity 6902K, committed 7040K, reserved 1056768K
  class space    used 744K, capacity 831K, committed 896K, reserved 1048576K

Card table byte_map: [0x0000000002a40000,0x0000000003200000] byte_map_base: 0xffffffffff3fa000

Marking Bits: (ParMarkBitMap*) 0x000000006dc864f0
 Begin Bits: [0x0000000003b30000, 0x0000000007900000)
 End Bits:   [0x0000000007900000, 0x000000000b6d0000)

Polling page: 0x0000000000a70000

CodeCache: size=245760Kb used=1955Kb max_used=1959Kb free=243804Kb
 bounds [0x000000000f010000, 0x000000000f280000, 0x000000001e010000]
 total_blobs=752 nmethods=333 adapters=332
 compilation: enabled

Compilation events (10 events):
Event: 2.227 Thread 0x000000000c83b800 nmethod 327 0x000000000f1dae50 code [0x000000000f1dafa0, 0x000000000f1db078]
Event: 2.228 Thread 0x000000000c832800 nmethod 328 0x000000000f1d71d0 code [0x000000000f1d7320, 0x000000000f1d74b0]
Event: 2.228 Thread 0x000000000c832800  329       3       java.lang.String::indexOf (7 bytes)
Event: 2.228 Thread 0x000000000c832800 nmethod 329 0x000000000f1fbcd0 code [0x000000000f1fbe40, 0x000000000f1fc0c8]
Event: 2.519 Thread 0x000000000c832800  332       3       java.nio.Buffer::checkIndex (22 bytes)
Event: 2.520 Thread 0x000000000c832800 nmethod 332 0x000000000f1fb850 code [0x000000000f1fb9c0, 0x000000000f1fbc08]
Event: 2.520 Thread 0x000000000c832800  331       1       java.security.ProtectionDomain::getCodeSource (5 bytes)
Event: 2.520 Thread 0x000000000c832800 nmethod 331 0x000000000f1fb590 code [0x000000000f1fb6e0, 0x000000000f1fb7f0]
Event: 2.526 Thread 0x000000000c832800  333       3       java.util.HashMap$HashIterator::hasNext (13 bytes)
Event: 2.527 Thread 0x000000000c832800 nmethod 333 0x000000000f1fb210 code [0x000000000f1fb360, 0x000000000f1fb510]

GC Heap History (0 events):
No events

Deoptimization events (1 events):
Event: 2.219 Thread 0x0000000002580800 Uncommon trap: reason=unstable_if action=reinterpret pc=0x000000000f1eba80 method=sun.awt.image.OffScreenImageSource.sendPixels()V @ 663

Internal exceptions (10 events):
Event: 0.071 Thread 0x0000000002580800 Exception <a 'java/lang/NoSuchMethodError': Method sun.misc.Unsafe.defineClass(Ljava/lang/String;[BII)Ljava/lang/Class; name or signature does not match> (0x000000076d987cc0) thrown at [D:\re\workspace\8-2-build-windows-amd64-cygwin\jdk8u92\6642\hotspot\sr7{ˆ8²?
Event: 0.071 Thread 0x0000000002580800 Exception <a 'java/lang/NoSuchMethodError': Method sun.misc.Unsafe.prefetchRead(Ljava/lang/Object;J)V name or signature does not match> (0x000000076d987fa8) thrown at [D:\re\workspace\8-2-build-windows-amd64-cygwin\jdk8u92\6642\hotspot\src\share\vm\prims\j·´|öûË?
Event: 0.219 Thread 0x0000000002580800 Exception <a 'java/security/PrivilegedActionException'> (0x000000076da29ba0) thrown at [D:\re\workspace\8-2-build-windows-amd64-cygwin\jdk8u92\6642\hotspot\src\share\vm\prims\jvm.cpp, line 1386]
Event: 0.219 Thread 0x0000000002580800 Exception <a 'java/security/PrivilegedActionException'> (0x000000076da29db0) thrown at [D:\re\workspace\8-2-build-windows-amd64-cygwin\jdk8u92\6642\hotspot\src\share\vm\prims\jvm.cpp, line 1386]
Event: 0.220 Thread 0x0000000002580800 Exception <a 'java/security/PrivilegedActionException'> (0x000000076da2dde0) thrown at [D:\re\workspace\8-2-build-windows-amd64-cygwin\jdk8u92\6642\hotspot\src\share\vm\prims\jvm.cpp, line 1386]
Event: 0.220 Thread 0x0000000002580800 Exception <a 'java/security/PrivilegedActionException'> (0x000000076da2dff0) thrown at [D:\re\workspace\8-2-build-windows-amd64-cygwin\jdk8u92\6642\hotspot\src\share\vm\prims\jvm.cpp, line 1386]
Event: 0.225 Thread 0x0000000002580800 Exception <a 'java/io/FileNotFoundException'> (0x000000076da30798) thrown at [D:\re\workspace\8-2-build-windows-amd64-cygwin\jdk8u92\6642\hotspot\src\share\vm\prims\jni.cpp, line 709]
Event: 0.313 Thread 0x0000000002580800 Exception <a 'java/lang/NoSuchFieldError': method resolution failed> (0x000000076dc3de98) thrown at [D:\re\workspace\8-2-build-windows-amd64-cygwin\jdk8u92\6642\hotspot\src\share\vm\prims\methodHandles.cpp, line 1146]
Event: 0.317 Thread 0x0000000002580800 Exception <a 'java/lang/NoSuchFieldError': method resolution failed> (0x000000076dc4b450) thrown at [D:\re\workspace\8-2-build-windows-amd64-cygwin\jdk8u92\6642\hotspot\src\share\vm\prims\methodHandles.cpp, line 1146]
Event: 0.397 Thread 0x0000000002580800 Exception <a 'java/io/FileNotFoundException'> (0x000000076dcea1c0) thrown at [D:\re\workspace\8-2-build-windows-amd64-cygwin\jdk8u92\6642\hotspot\src\share\vm\prims\jni.cpp, line 709]

Events (10 events):
Event: 2.526 loading class javax/imageio/ImageIO$ImageWriterIterator
Event: 2.527 loading class javax/imageio/ImageIO$ImageWriterIterator done
Event: 2.527 loading class com/sun/imageio/plugins/png/PNGImageWriter
Event: 2.527 loading class com/sun/imageio/plugins/png/PNGImageWriter done
Event: 2.527 loading class com/sun/imageio/plugins/png/RowFilter
Event: 2.527 loading class com/sun/imageio/plugins/png/RowFilter done
Event: 2.528 loading class javax/imageio/stream/FileImageOutputStream
Event: 2.528 loading class javax/imageio/stream/ImageOutputStreamImpl
Event: 2.528 loading class javax/imageio/stream/ImageOutputStreamImpl done
Event: 2.528 loading class javax/imageio/stream/FileImageOutputStream done


Dynamic libraries:
0x00007ff7454c0000 - 0x00007ff7454f7000 	C:\Program Files\Java\jdk1.8.0_92\bin\java.exe
0x00007fffca980000 - 0x00007fffcab2d000 	C:\Windows\SYSTEM32\ntdll.dll
0x00007fffc8450000 - 0x00007fffc858e000 	C:\Windows\system32\KERNEL32.DLL
0x00007fffc7df0000 - 0x00007fffc7f05000 	C:\Windows\system32\KERNELBASE.dll
0x00007fffc6560000 - 0x00007fffc65ee000 	C:\Windows\system32\apphelp.dll
0x00007fffbbda0000 - 0x00007fffbbdf3000 	C:\Windows\AppPatch\AppPatch64\AcGenral.DLL
0x00007fffc80e0000 - 0x00007fffc818a000 	C:\Windows\system32\msvcrt.dll
0x00007fffc7dc0000 - 0x00007fffc7dee000 	C:\Windows\system32\SspiCli.dll
0x00007fffca3d0000 - 0x00007fffca424000 	C:\Windows\system32\SHLWAPI.dll
0x00007fffca730000 - 0x00007fffca8a7000 	C:\Windows\system32\USER32.dll
0x00007fffca430000 - 0x00007fffca5c4000 	C:\Windows\system32\ole32.dll
0x00007fffc8b60000 - 0x00007fffca08a000 	C:\Windows\system32\SHELL32.dll
0x00007fffc70c0000 - 0x00007fffc70e1000 	C:\Windows\SYSTEM32\USERENV.dll
0x00007fffca0a0000 - 0x00007fffca14a000 	C:\Windows\system32\ADVAPI32.dll
0x00007fffb7d30000 - 0x00007fffb7d4e000 	C:\Windows\SYSTEM32\MPR.dll
0x00007fffc8190000 - 0x00007fffc82d0000 	C:\Windows\system32\RPCRT4.dll
0x00007fffc88d0000 - 0x00007fffc8929000 	C:\Windows\SYSTEM32\sechost.dll
0x00007fffca1b0000 - 0x00007fffca3c1000 	C:\Windows\SYSTEM32\combase.dll
0x00007fffc82e0000 - 0x00007fffc8430000 	C:\Windows\system32\GDI32.dll
0x00007fffc7ab0000 - 0x00007fffc7ac5000 	C:\Windows\SYSTEM32\profapi.dll
0x00007fffc65f0000 - 0x00007fffc66a2000 	C:\Windows\SYSTEM32\SHCORE.dll
0x00007fffc85f0000 - 0x00007fffc8626000 	C:\Windows\system32\IMM32.DLL
0x00007fffca5d0000 - 0x00007fffca722000 	C:\Windows\system32\MSCTF.dll
0x00007fffc7a60000 - 0x00007fffc7a91000 	C:\Windows\system32\nvinitx.dll
0x000000000f000000 - 0x000000000f006000 	C:\Program Files\NVIDIA Corporation\CoProcManager\_etoured.dll
0x00007fffc5c40000 - 0x00007fffc5c72000 	C:\Program Files\NVIDIA Corporation\CoProcManager\nvd3d9wrapx.dll
0x00007fffc8630000 - 0x00007fffc880a000 	C:\Windows\system32\SETUPAPI.dll
0x00007fffc7f10000 - 0x00007fffc7f5f000 	C:\Windows\system32\CFGMGR32.dll
0x00007fffc5c10000 - 0x00007fffc5c32000 	C:\Program Files\NVIDIA Corporation\CoProcManager\nvdxgiwrapx.dll
0x00007fffc56b0000 - 0x00007fffc592b000 	C:\Windows\WinSxS\amd64_microsoft.windows.common-controls_6595b64144ccf1df_6.0.9600.18006_none_623f33d3ecbe86e8\COMCTL32.dll
0x000000006d390000 - 0x000000006d462000 	C:\Program Files\Java\jdk1.8.0_92\jre\bin\msvcr100.dll
0x000000006d470000 - 0x000000006dd06000 	C:\Program Files\Java\jdk1.8.0_92\jre\bin\server\jvm.dll
0x00007fffbebd0000 - 0x00007fffbebd9000 	C:\Windows\SYSTEM32\WSOCK32.dll
0x00007fffc5930000 - 0x00007fffc5952000 	C:\Windows\SYSTEM32\WINMM.dll
0x00007fffc5960000 - 0x00007fffc596a000 	C:\Windows\SYSTEM32\VERSION.dll
0x00007fffc8b50000 - 0x00007fffc8b57000 	C:\Windows\system32\PSAPI.DLL
0x00007fffca150000 - 0x00007fffca1aa000 	C:\Windows\system32\WS2_32.dll
0x00007fffc54c0000 - 0x00007fffc54ea000 	C:\Windows\SYSTEM32\WINMMBASE.dll
0x00007fffc80d0000 - 0x00007fffc80d9000 	C:\Windows\system32\NSI.dll
0x00007fffc68b0000 - 0x00007fffc68d8000 	C:\Windows\SYSTEM32\DEVOBJ.dll
0x000000006d340000 - 0x000000006d34f000 	C:\Program Files\Java\jdk1.8.0_92\jre\bin\verify.dll
0x000000006d310000 - 0x000000006d339000 	C:\Program Files\Java\jdk1.8.0_92\jre\bin\java.dll
0x000000006d2f0000 - 0x000000006d306000 	C:\Program Files\Java\jdk1.8.0_92\jre\bin\zip.dll
0x000000006d110000 - 0x000000006d2a8000 	C:\Program Files\Java\jdk1.8.0_92\jre\bin\awt.dll
0x00007fffca8b0000 - 0x00007fffca971000 	C:\Windows\system32\OLEAUT32.dll
0x00007fffc5970000 - 0x00007fffc5991000 	C:\Windows\system32\DWMAPI.DLL
0x00007fffc6710000 - 0x00007fffc6839000 	C:\Windows\system32\uxtheme.dll
0x00007fffbbd60000 - 0x00007fffbbd9c000 	C:\Users\Dennis\AppData\Local\Temp\JOCL_0_2_0-windows-x86_64.dll
0x00007fffbbd40000 - 0x00007fffbbd55000 	C:\Windows\SYSTEM32\OpenCL.dll
0x00007fffbbb70000 - 0x00007fffbbbc1000 	C:\Windows\SYSTEM32\IntelOpenCL64.dll
0x00007fffb6710000 - 0x00007fffb680d000 	C:\Program Files (x86)\Common Files\Intel\OpenCL\bin\x64\intelocl64.dll
0x00007fffb7560000 - 0x00007fffb75d6000 	C:\Program Files (x86)\Common Files\Intel\OpenCL\bin\x64\task_executor64.dll
0x00007fffacad0000 - 0x00007fffacbfb000 	C:\Windows\SYSTEM32\OPENGL32.dll
0x00007fffacaa0000 - 0x00007fffacace000 	C:\Windows\SYSTEM32\GLU32.dll
0x00007fffaf180000 - 0x00007fffaf278000 	C:\Windows\SYSTEM32\DDRAW.dll
0x00007fffc4060000 - 0x00007fffc4069000 	C:\Windows\SYSTEM32\DCIMAN32.dll
0x00007fffc00a0000 - 0x00007fffc00d2000 	C:\Windows\SYSTEM32\ntmarta.dll
0x00007fffb6680000 - 0x00007fffb670e000 	C:\Program Files (x86)\Common Files\Intel\OpenCL\bin\x64\cpu_device64.dll
0x00007fffb76c0000 - 0x00007fffb772b000 	C:\Program Files (x86)\Common Files\Intel\OpenCL\bin\x64\tbb\tbb.dll
0x00007fffabd40000 - 0x00007fffac072000 	C:\Windows\SYSTEM32\igdrcl64.dll
0x00007fffa78e0000 - 0x00007fffa91b1000 	C:\Windows\SYSTEM32\igdfcl64.dll
0x00007fffb82f0000 - 0x00007fffb8479000 	C:\Windows\SYSTEM32\dbghelp.dll
0x00007fffbbb10000 - 0x00007fffbbb65000 	C:\Windows\SYSTEM32\igdbcl64.dll
0x00007fffc27a0000 - 0x00007fffc2be0000 	C:\Windows\SYSTEM32\igdusc64.dll
0x00007fffa6b60000 - 0x00007fffa78da000 	C:\Windows\System32\nvopencl.dll
0x00007fffc4bc0000 - 0x00007fffc4f03000 	C:\Windows\system32\nvapi64.dll
0x000000000eb10000 - 0x000000000eb61000 	C:\Windows\system32\WINTRUST.dll
0x00007fffc7b80000 - 0x00007fffc7d5f000 	C:\Windows\system32\CRYPT32.dll
0x00007fffc7b60000 - 0x00007fffc7b71000 	C:\Windows\system32\MSASN1.dll
0x000000006cd50000 - 0x000000006cd81000 	C:\Program Files\Java\jdk1.8.0_92\jre\bin\jpeg.dll
0x00007fffc1df0000 - 0x00007fffc1f68000 	C:\Program Files (x86)\Stardock\Start8\Start8_64.dll
0x00007fffc6900000 - 0x00007fffc690b000 	C:\Windows\SYSTEM32\kernel.appcore.dll
0x00007fffc79b0000 - 0x00007fffc79bb000 	C:\Windows\SYSTEM32\CRYPTBASE.dll
0x00007fffc7940000 - 0x00007fffc79a3000 	C:\Windows\SYSTEM32\bcryptPrimitives.dll
0x00007fffa5760000 - 0x00007fffa6b5d000 	C:\Windows\system32\nvcompiler.dll

VM Arguments:
jvm_args: -Dfile.encoding=UTF-8 
java_command: senpai.SenpAI
java_class_path (initial): C:\htdocs\Projects\JavaStuff\JOCLFTW\lib\JOCL-0.2.0RC.jar;C:\htdocs\Projects\JavaStuff\SenpAI\build\classes
Launcher Type: SUN_STANDARD

Environment Variables:
JAVA_HOME=C:\Program Files\Java\jdk1.8.0_92
PATH=C:\ProgramData\Oracle\Java\javapath;C:\Program Files (x86)\NVIDIA Corporation\PhysX\Common;C:\Windows\system32;C:\Windows;C:\Windows\System32\Wbem;C:\Windows\System32\WindowsPowerShell\v1.0\;C:\Program Files\OpenVPN\bin;C:\Program Files (x86)\Skype\Phone\;C:\Program Files\Git\cmd;C:\Program Files\Git\mingw64\bin;C:\Program Files\Git\usr\bin;C:\Program Files\TortoiseSVN\bin;C:\Program Files (x86)\Nmap;C:\MinGW\bin;C:\MinGW\MSYS\1.0\bin;C:\Program Files (x86)\apache-maven-3.3.9\bin;D:\SSD Symlinked\MiKTeX 2.9\miktex\bin\x64\
USERNAME=Dennis
OS=Windows_NT
PROCESSOR_IDENTIFIER=Intel64 Family 6 Model 69 Stepping 1, GenuineIntel



---------------  S Y S T E M  ---------------

OS: Windows 8.1 , 64 bit Build 9600 (6.3.9600.17415)

CPU:total 4 (2 cores per cpu, 2 threads per core) family 6 model 69 stepping 1, cmov, cx8, fxsr, mmx, sse, sse2, sse3, ssse3, sse4.1, sse4.2, popcnt, avx, avx2, aes, clmul, erms, lzcnt, ht, tsc, tscinvbit, bmi1, bmi2

Memory: 4k page, physical 16198744k(10578484k free), swap 16198744k(9777700k free)

vm_info: Java HotSpot(TM) 64-Bit Server VM (25.92-b14) for windows-amd64 JRE (1.8.0_92-b14), built on Mar 31 2016 21:03:04 by "java_re" with MS VC++ 10.0 (VS2010)

time: Thu Jun 16 08:48:09 2016
elapsed time: 2 seconds (0d 0h 0m 2s)

