#
# A fatal error has been detected by the Java Runtime Environment:
#
#  EXCEPTION_ACCESS_VIOLATION (0xc0000005) at pc=0x00007fffa7711210, pid=7892, tid=0x0000000000001058
#
# JRE version: Java(TM) SE Runtime Environment (8.0_92-b14) (build 1.8.0_92-b14)
# Java VM: Java HotSpot(TM) 64-Bit Server VM (25.92-b14 mixed mode windows-amd64 compressed oops)
# Problematic frame:
# C  [nvopencl.dll+0x11210]
#
# Failed to write core dump. Minidumps are not enabled by default on client versions of Windows
#
# If you would like to submit a bug report, please visit:
#   http://bugreport.java.com/bugreport/crash.jsp
# The crash happened outside the Java Virtual Machine in native code.
# See problematic frame for where to report the bug.
#

---------------  T H R E A D  ---------------

Current thread (0x0000000002410800):  JavaThread "main" [_thread_in_native, id=4184, stack(0x0000000002260000,0x0000000002360000)]

siginfo: ExceptionCode=0xc0000005, reading address 0x0000000000000208

Registers:
RAX=0x000000000000012c, RBX=0x000000001f4f41f0, RCX=0x00007fffa7711208, RDX=0x000000000ed6ee80
RSP=0x000000000235efa0, RBP=0x0000000000000003, RSI=0x000000001f4e3d30, RDI=0x00000000024109f8
R8 =0x0000000000000008, R9 =0x000000076f39eea8, R10=0x00007fffa7700000, R11=0x000000000240edd0
R12=0x0000000000000000, R13=0x000000000c21b4f8, R14=0x000000000235f0d8, R15=0x0000000002410800
RIP=0x00007fffa7711210, EFLAGS=0x0000000000010202

Top of Stack: (sp=0x000000000235efa0)
0x000000000235efa0:   000000000235eff8 000000000c254850
0x000000000235efb0:   000000000000000c 000000000240edd0
0x000000000235efc0:   000000000235f0d8 00007fffc098d5a5
0x000000000235efd0:   0000000000000000 000000000235f0b8
0x000000000235efe0:   000000000235f000 000000000c6881b8
0x000000000235eff0:   0000000000a60ea0 000000000f01835d
0x000000000235f000:   000000000f017da0 000000000f027f54
0x000000000235f010:   0000000000200031 000000000c21b4f8
0x000000000235f020:   000000000235f098 000000000235f070
0x000000000235f030:   0000000000000008 000000000235f0b8
0x000000000235f040:   000000000c121c68 0000000000000000
0x000000000235f050:   000000000235f068 000000000235f058
0x000000000235f060:   0000000000000000 000000000235f0d8
0x000000000235f070:   000000000c221d28 0000000000000000
0x000000000235f080:   000000000c21b4f8 0000000000000000
0x000000000235f090:   000000000235f0b8 000000000235f120 

Instructions: (pc=0x00007fffa7711210)
0x00007fffa77111f0:   30 eb ba 4c 3b 43 18 74 b4 b8 cd ff ff ff 48 8b
0x00007fffa7711200:   5c 24 20 48 83 c4 28 c3 49 8b 01 48 85 c0 74 66
0x00007fffa7711210:   83 b8 dc 00 00 00 01 75 31 48 39 50 40 74 57 b8
0x00007fffa7711220:   da ff ff ff 48 8b 5c 24 20 48 83 c4 28 c3 49 8b 


Register to memory mapping:

RAX=0x000000000000012c is an unknown value
RBX=0x000000001f4f41f0 is an unknown value
RCX=0x00007fffa7711208 is an unknown value
RDX=0x000000000ed6ee80 is an unknown value
RSP=0x000000000235efa0 is pointing into the stack for thread: 0x0000000002410800
RBP=0x0000000000000003 is an unknown value
RSI=0x000000001f4e3d30 is an unknown value
RDI=0x00000000024109f8 is an unknown value
R8 =0x0000000000000008 is an unknown value
R9 =0x000000076f39eea8 is an oop

[error occurred during error reporting (printing register info), id 0xc0000005]

Stack: [0x0000000002260000,0x0000000002360000],  sp=0x000000000235efa0,  free space=1019k
Native frames: (J=compiled Java code, j=interpreted, Vv=VM code, C=native code)
C  [nvopencl.dll+0x11210]
C  [JOCL_0_2_0-windows-x86_64.dll+0xd5a5]
C  0x000000000f027f54

Java frames: (J=compiled Java code, j=interpreted, Vv=VM code)
j  org.jocl.CL.clSetKernelArgNative(Lorg/jocl/cl_kernel;IJLorg/jocl/Pointer;)I+0
j  org.jocl.CL.clSetKernelArg(Lorg/jocl/cl_kernel;IJLorg/jocl/Pointer;)I+5
j  senpai.SenpAI.main([Ljava/lang/String;)V+352
v  ~StubRoutines::call_stub

---------------  P R O C E S S  ---------------

Java Threads: ( => current thread )
  0x000000000e3f3800 JavaThread "AWT-Windows" daemon [_thread_in_native, id=5832, stack(0x00000000206a0000,0x00000000207a0000)]
  0x000000000e3f3000 JavaThread "AWT-Shutdown" [_thread_blocked, id=8656, stack(0x00000000205a0000,0x00000000206a0000)]
  0x000000000e3b3800 JavaThread "Java2D Disposer" daemon [_thread_blocked, id=9416, stack(0x000000000e8d0000,0x000000000e9d0000)]
  0x000000000e058800 JavaThread "Service Thread" daemon [_thread_blocked, id=4860, stack(0x000000000e430000,0x000000000e530000)]
  0x000000000c6be800 JavaThread "C1 CompilerThread2" daemon [_thread_blocked, id=9556, stack(0x000000000df30000,0x000000000e030000)]
  0x000000000c6bb800 JavaThread "C2 CompilerThread1" daemon [_thread_blocked, id=8728, stack(0x000000000de30000,0x000000000df30000)]
  0x000000000c6ca800 JavaThread "C2 CompilerThread0" daemon [_thread_blocked, id=9176, stack(0x000000000dd30000,0x000000000de30000)]
  0x000000000c6c9800 JavaThread "Attach Listener" daemon [_thread_blocked, id=2188, stack(0x000000000dc30000,0x000000000dd30000)]
  0x000000000c6c6000 JavaThread "Signal Dispatcher" daemon [_thread_blocked, id=9408, stack(0x000000000db30000,0x000000000dc30000)]
  0x000000000c6a9000 JavaThread "Finalizer" daemon [_thread_blocked, id=8968, stack(0x000000000d920000,0x000000000da20000)]
  0x0000000002502000 JavaThread "Reference Handler" daemon [_thread_blocked, id=4256, stack(0x000000000d820000,0x000000000d920000)]
=>0x0000000002410800 JavaThread "main" [_thread_in_native, id=4184, stack(0x0000000002260000,0x0000000002360000)]

Other Threads:
  0x000000000c687000 VMThread [stack: 0x000000000d720000,0x000000000d820000] [id=8504]
  0x000000000c71e800 WatcherThread [stack: 0x000000000e530000,0x000000000e630000] [id=9156]

VM state:not at safepoint (normal execution)

VM Mutex/Monitor currently owned by a thread: None

Heap:
 PSYoungGen      total 74240K, used 27596K [0x000000076d980000, 0x0000000772c00000, 0x00000007c0000000)
  eden space 64000K, 43% used [0x000000076d980000,0x000000076f4731e8,0x0000000771800000)
  from space 10240K, 0% used [0x0000000772200000,0x0000000772200000,0x0000000772c00000)
  to   space 10240K, 0% used [0x0000000771800000,0x0000000771800000,0x0000000772200000)
 ParOldGen       total 169472K, used 0K [0x00000006c8c00000, 0x00000006d3180000, 0x000000076d980000)
  object space 169472K, 0% used [0x00000006c8c00000,0x00000006c8c00000,0x00000006d3180000)
 Metaspace       used 6655K, capacity 6806K, committed 7040K, reserved 1056768K
  class space    used 735K, capacity 799K, committed 896K, reserved 1048576K

Card table byte_map: [0x00000000028d0000,0x0000000003090000] byte_map_base: 0xffffffffff28a000

Marking Bits: (ParMarkBitMap*) 0x000000006dc864f0
 Begin Bits: [0x00000000039c0000, 0x0000000007790000)
 End Bits:   [0x0000000007790000, 0x000000000b560000)

Polling page: 0x0000000000980000

CodeCache: size=245760Kb used=1958Kb max_used=1958Kb free=243801Kb
 bounds [0x000000000f010000, 0x000000000f280000, 0x000000001e010000]
 total_blobs=752 nmethods=336 adapters=329
 compilation: enabled

Compilation events (10 events):
Event: 1.403 Thread 0x000000000c6be800  330   !   3       sun.awt.image.ImageRepresentation::setPixels (535 bytes)
Event: 1.405 Thread 0x000000000c6be800 nmethod 330 0x000000000f1f5d10 code [0x000000000f1f6080, 0x000000000f1f8318]
Event: 1.406 Thread 0x000000000c6bb800 nmethod 328 0x000000000f1f2350 code [0x000000000f1f24c0, 0x000000000f1f2b38]
Event: 1.421 Thread 0x000000000c6be800  332 % !   3       sun.awt.image.ImageRepresentation::getOpaqueRGBImage @ 54 (164 bytes)
Event: 1.422 Thread 0x000000000c6be800 nmethod 332% 0x000000000f1f9e50 code [0x000000000f1fa080, 0x000000000f1faeb8]
Event: 1.422 Thread 0x000000000c6be800  333   !   3       sun.awt.image.ImageRepresentation::getOpaqueRGBImage (164 bytes)
Event: 1.423 Thread 0x000000000c6be800 nmethod 333 0x000000000f1fb810 code [0x000000000f1fba40, 0x000000000f1fc758]
Event: 1.423 Thread 0x000000000c6be800  334       3       java.util.BitSet::checkInvariants (111 bytes)
Event: 1.423 Thread 0x000000000c6be800 nmethod 334 0x000000000f1f9a90 code [0x000000000f1f9be0, 0x000000000f1f9d70]
Event: 1.486 Thread 0x000000000c6be800  336       3       java.nio.Buffer::checkIndex (22 bytes)

GC Heap History (0 events):
No events

Deoptimization events (1 events):
Event: 1.419 Thread 0x0000000002410800 Uncommon trap: reason=unstable_if action=reinterpret pc=0x000000000f1e9680 method=sun.awt.image.OffScreenImageSource.sendPixels()V @ 663

Internal exceptions (10 events):
Event: 0.029 Thread 0x0000000002410800 Exception <a 'java/lang/NoSuchMethodError': Method sun.misc.Unsafe.defineClass(Ljava/lang/String;[BII)Ljava/lang/Class; name or signature does not match> (0x000000076d987cc0) thrown at [D:\re\workspace\8-2-build-windows-amd64-cygwin\jdk8u92\6642\hotspot\srÙam+-ž?
Event: 0.029 Thread 0x0000000002410800 Exception <a 'java/lang/NoSuchMethodError': Method sun.misc.Unsafe.prefetchRead(Ljava/lang/Object;J)V name or signature does not match> (0x000000076d987fa8) thrown at [D:\re\workspace\8-2-build-windows-amd64-cygwin\jdk8u92\6642\hotspot\src\share\vm\prims\j£(+'¸?
Event: 0.094 Thread 0x0000000002410800 Exception <a 'java/security/PrivilegedActionException'> (0x000000076da6b520) thrown at [D:\re\workspace\8-2-build-windows-amd64-cygwin\jdk8u92\6642\hotspot\src\share\vm\prims\jvm.cpp, line 1386]
Event: 0.094 Thread 0x0000000002410800 Exception <a 'java/security/PrivilegedActionException'> (0x000000076da6b730) thrown at [D:\re\workspace\8-2-build-windows-amd64-cygwin\jdk8u92\6642\hotspot\src\share\vm\prims\jvm.cpp, line 1386]
Event: 0.095 Thread 0x0000000002410800 Exception <a 'java/security/PrivilegedActionException'> (0x000000076da6f760) thrown at [D:\re\workspace\8-2-build-windows-amd64-cygwin\jdk8u92\6642\hotspot\src\share\vm\prims\jvm.cpp, line 1386]
Event: 0.095 Thread 0x0000000002410800 Exception <a 'java/security/PrivilegedActionException'> (0x000000076da6f970) thrown at [D:\re\workspace\8-2-build-windows-amd64-cygwin\jdk8u92\6642\hotspot\src\share\vm\prims\jvm.cpp, line 1386]
Event: 0.098 Thread 0x0000000002410800 Exception <a 'java/io/FileNotFoundException'> (0x000000076da72118) thrown at [D:\re\workspace\8-2-build-windows-amd64-cygwin\jdk8u92\6642\hotspot\src\share\vm\prims\jni.cpp, line 709]
Event: 0.137 Thread 0x0000000002410800 Exception <a 'java/lang/NoSuchFieldError': method resolution failed> (0x000000076dc7fa90) thrown at [D:\re\workspace\8-2-build-windows-amd64-cygwin\jdk8u92\6642\hotspot\src\share\vm\prims\methodHandles.cpp, line 1146]
Event: 0.140 Thread 0x0000000002410800 Exception <a 'java/lang/NoSuchFieldError': method resolution failed> (0x000000076dc8ce60) thrown at [D:\re\workspace\8-2-build-windows-amd64-cygwin\jdk8u92\6642\hotspot\src\share\vm\prims\methodHandles.cpp, line 1146]
Event: 0.174 Thread 0x0000000002410800 Exception <a 'java/io/FileNotFoundException'> (0x000000076dd15558) thrown at [D:\re\workspace\8-2-build-windows-amd64-cygwin\jdk8u92\6642\hotspot\src\share\vm\prims\jni.cpp, line 709]

Events (10 events):
Event: 1.423 loading class sun/net/ProgressMonitor
Event: 1.423 loading class sun/net/ProgressMonitor done
Event: 1.423 loading class sun/net/DefaultProgressMeteringPolicy
Event: 1.423 loading class sun/net/ProgressMeteringPolicy
Event: 1.423 loading class sun/net/ProgressMeteringPolicy done
Event: 1.423 loading class sun/net/DefaultProgressMeteringPolicy done
Event: 1.423 loading class java/net/JarURLConnection
Event: 1.423 loading class java/net/JarURLConnection done
Event: 1.485 loading class org/jocl/Sizeof
Event: 1.486 loading class org/jocl/Sizeof done


Dynamic libraries:
0x00007ff7454c0000 - 0x00007ff7454f7000 	C:\Program Files\Java\jdk1.8.0_92\bin\java.exe
0x00007fffca980000 - 0x00007fffcab2d000 	C:\Windows\SYSTEM32\ntdll.dll
0x00007fffc8450000 - 0x00007fffc858e000 	C:\Windows\system32\KERNEL32.DLL
0x00007fffc7df0000 - 0x00007fffc7f05000 	C:\Windows\system32\KERNELBASE.dll
0x00007fffc6560000 - 0x00007fffc65ee000 	C:\Windows\system32\apphelp.dll
0x00007fffbc630000 - 0x00007fffbc683000 	C:\Windows\AppPatch\AppPatch64\AcGenral.DLL
0x00007fffc80e0000 - 0x00007fffc818a000 	C:\Windows\system32\msvcrt.dll
0x00007fffc7dc0000 - 0x00007fffc7dee000 	C:\Windows\system32\SspiCli.dll
0x00007fffca3d0000 - 0x00007fffca424000 	C:\Windows\system32\SHLWAPI.dll
0x00007fffca730000 - 0x00007fffca8a7000 	C:\Windows\system32\USER32.dll
0x00007fffca430000 - 0x00007fffca5c4000 	C:\Windows\system32\ole32.dll
0x00007fffc8b60000 - 0x00007fffca08a000 	C:\Windows\system32\SHELL32.dll
0x00007fffc70c0000 - 0x00007fffc70e1000 	C:\Windows\SYSTEM32\USERENV.dll
0x00007fffca0a0000 - 0x00007fffca14a000 	C:\Windows\system32\ADVAPI32.dll
0x00007fffb7d30000 - 0x00007fffb7d4e000 	C:\Windows\SYSTEM32\MPR.dll
0x00007fffc8190000 - 0x00007fffc82d0000 	C:\Windows\system32\RPCRT4.dll
0x00007fffc88d0000 - 0x00007fffc8929000 	C:\Windows\SYSTEM32\sechost.dll
0x00007fffca1b0000 - 0x00007fffca3c1000 	C:\Windows\SYSTEM32\combase.dll
0x00007fffc82e0000 - 0x00007fffc8430000 	C:\Windows\system32\GDI32.dll
0x00007fffc7ab0000 - 0x00007fffc7ac5000 	C:\Windows\SYSTEM32\profapi.dll
0x00007fffc65f0000 - 0x00007fffc66a2000 	C:\Windows\SYSTEM32\SHCORE.dll
0x00007fffc85f0000 - 0x00007fffc8626000 	C:\Windows\system32\IMM32.DLL
0x00007fffca5d0000 - 0x00007fffca722000 	C:\Windows\system32\MSCTF.dll
0x00007fffc7a60000 - 0x00007fffc7a91000 	C:\Windows\system32\nvinitx.dll
0x000000000f000000 - 0x000000000f006000 	C:\Program Files\NVIDIA Corporation\CoProcManager\_etoured.dll
0x00007fffc5c40000 - 0x00007fffc5c72000 	C:\Program Files\NVIDIA Corporation\CoProcManager\nvd3d9wrapx.dll
0x00007fffc8630000 - 0x00007fffc880a000 	C:\Windows\system32\SETUPAPI.dll
0x00007fffc7f10000 - 0x00007fffc7f5f000 	C:\Windows\system32\CFGMGR32.dll
0x00007fffc5c10000 - 0x00007fffc5c32000 	C:\Program Files\NVIDIA Corporation\CoProcManager\nvdxgiwrapx.dll
0x00007fffc56b0000 - 0x00007fffc592b000 	C:\Windows\WinSxS\amd64_microsoft.windows.common-controls_6595b64144ccf1df_6.0.9600.18006_none_623f33d3ecbe86e8\COMCTL32.dll
0x000000006d390000 - 0x000000006d462000 	C:\Program Files\Java\jdk1.8.0_92\jre\bin\msvcr100.dll
0x000000006d470000 - 0x000000006dd06000 	C:\Program Files\Java\jdk1.8.0_92\jre\bin\server\jvm.dll
0x00007fffbebd0000 - 0x00007fffbebd9000 	C:\Windows\SYSTEM32\WSOCK32.dll
0x00007fffc5930000 - 0x00007fffc5952000 	C:\Windows\SYSTEM32\WINMM.dll
0x00007fffc5960000 - 0x00007fffc596a000 	C:\Windows\SYSTEM32\VERSION.dll
0x00007fffc8b50000 - 0x00007fffc8b57000 	C:\Windows\system32\PSAPI.DLL
0x00007fffca150000 - 0x00007fffca1aa000 	C:\Windows\system32\WS2_32.dll
0x00007fffc54c0000 - 0x00007fffc54ea000 	C:\Windows\SYSTEM32\WINMMBASE.dll
0x00007fffc80d0000 - 0x00007fffc80d9000 	C:\Windows\system32\NSI.dll
0x00007fffc68b0000 - 0x00007fffc68d8000 	C:\Windows\SYSTEM32\DEVOBJ.dll
0x000000006d340000 - 0x000000006d34f000 	C:\Program Files\Java\jdk1.8.0_92\jre\bin\verify.dll
0x000000006d310000 - 0x000000006d339000 	C:\Program Files\Java\jdk1.8.0_92\jre\bin\java.dll
0x000000006d2f0000 - 0x000000006d306000 	C:\Program Files\Java\jdk1.8.0_92\jre\bin\zip.dll
0x000000006d110000 - 0x000000006d2a8000 	C:\Program Files\Java\jdk1.8.0_92\jre\bin\awt.dll
0x00007fffca8b0000 - 0x00007fffca971000 	C:\Windows\system32\OLEAUT32.dll
0x00007fffc5970000 - 0x00007fffc5991000 	C:\Windows\system32\DWMAPI.DLL
0x00007fffc6710000 - 0x00007fffc6839000 	C:\Windows\system32\uxtheme.dll
0x00007fffc0980000 - 0x00007fffc09bc000 	C:\Users\Dennis\AppData\Local\Temp\JOCL_0_2_0-windows-x86_64.dll
0x00007fffc2590000 - 0x00007fffc25a5000 	C:\Windows\SYSTEM32\OpenCL.dll
0x00007fffbc550000 - 0x00007fffbc5a1000 	C:\Windows\SYSTEM32\IntelOpenCL64.dll
0x00007fffbc340000 - 0x00007fffbc43d000 	C:\Program Files (x86)\Common Files\Intel\OpenCL\bin\x64\intelocl64.dll
0x00007fffbc4d0000 - 0x00007fffbc546000 	C:\Program Files (x86)\Common Files\Intel\OpenCL\bin\x64\task_executor64.dll
0x00007fffacad0000 - 0x00007fffacbfb000 	C:\Windows\SYSTEM32\OPENGL32.dll
0x00007fffacaa0000 - 0x00007fffacace000 	C:\Windows\SYSTEM32\GLU32.dll
0x00007fffaf180000 - 0x00007fffaf278000 	C:\Windows\SYSTEM32\DDRAW.dll
0x00007fffc4060000 - 0x00007fffc4069000 	C:\Windows\SYSTEM32\DCIMAN32.dll
0x00007fffc00a0000 - 0x00007fffc00d2000 	C:\Windows\SYSTEM32\ntmarta.dll
0x00007fffbc0b0000 - 0x00007fffbc13e000 	C:\Program Files (x86)\Common Files\Intel\OpenCL\bin\x64\cpu_device64.dll
0x00007fffbc040000 - 0x00007fffbc0ab000 	C:\Program Files (x86)\Common Files\Intel\OpenCL\bin\x64\tbb\tbb.dll
0x00007fffbbd00000 - 0x00007fffbc032000 	C:\Windows\SYSTEM32\igdrcl64.dll
0x00007fffa8480000 - 0x00007fffa9d51000 	C:\Windows\SYSTEM32\igdfcl64.dll
0x00007fffb82f0000 - 0x00007fffb8479000 	C:\Windows\SYSTEM32\dbghelp.dll
0x00007fffbbca0000 - 0x00007fffbbcf5000 	C:\Windows\SYSTEM32\igdbcl64.dll
0x00007fffc27a0000 - 0x00007fffc2be0000 	C:\Windows\SYSTEM32\igdusc64.dll
0x00007fffa7700000 - 0x00007fffa847a000 	C:\Windows\System32\nvopencl.dll
0x00007fffc4bc0000 - 0x00007fffc4f03000 	C:\Windows\system32\nvapi64.dll
0x000000000ed70000 - 0x000000000edc1000 	C:\Windows\system32\WINTRUST.dll
0x00007fffc7b80000 - 0x00007fffc7d5f000 	C:\Windows\system32\CRYPT32.dll
0x00007fffc7b60000 - 0x00007fffc7b71000 	C:\Windows\system32\MSASN1.dll
0x000000006cd50000 - 0x000000006cd81000 	C:\Program Files\Java\jdk1.8.0_92\jre\bin\jpeg.dll
0x00007fffc1df0000 - 0x00007fffc1f68000 	C:\Program Files (x86)\Stardock\Start8\Start8_64.dll
0x00007fffc6900000 - 0x00007fffc690b000 	C:\Windows\SYSTEM32\kernel.appcore.dll
0x00007fffc79b0000 - 0x00007fffc79bb000 	C:\Windows\SYSTEM32\CRYPTBASE.dll
0x00007fffc7940000 - 0x00007fffc79a3000 	C:\Windows\SYSTEM32\bcryptPrimitives.dll
0x00007fffa6300000 - 0x00007fffa76fd000 	C:\Windows\system32\nvcompiler.dll

VM Arguments:
jvm_args: -Dfile.encoding=UTF-8 
java_command: senpai.SenpAI
java_class_path (initial): C:\htdocs\Projects\JavaStuff\JOCLFTW\lib\JOCL-0.2.0RC.jar;C:\htdocs\Projects\JavaStuff\SenpAI\build\classes
Launcher Type: SUN_STANDARD

Environment Variables:
JAVA_HOME=C:\Program Files\Java\jdk1.8.0_92
PATH=C:\ProgramData\Oracle\Java\javapath;C:\Program Files (x86)\NVIDIA Corporation\PhysX\Common;C:\Windows\system32;C:\Windows;C:\Windows\System32\Wbem;C:\Windows\System32\WindowsPowerShell\v1.0\;C:\Program Files\OpenVPN\bin;C:\Program Files (x86)\Skype\Phone\;C:\Program Files\Git\cmd;C:\Program Files\Git\mingw64\bin;C:\Program Files\Git\usr\bin;C:\Program Files\TortoiseSVN\bin;C:\Program Files (x86)\Nmap;C:\MinGW\bin;C:\MinGW\MSYS\1.0\bin;C:\Program Files (x86)\apache-maven-3.3.9\bin;D:\SSD Symlinked\MiKTeX 2.9\miktex\bin\x64\
USERNAME=Dennis
OS=Windows_NT
PROCESSOR_IDENTIFIER=Intel64 Family 6 Model 69 Stepping 1, GenuineIntel



---------------  S Y S T E M  ---------------

OS: Windows 8.1 , 64 bit Build 9600 (6.3.9600.17415)

CPU:total 4 (2 cores per cpu, 2 threads per core) family 6 model 69 stepping 1, cmov, cx8, fxsr, mmx, sse, sse2, sse3, ssse3, sse4.1, sse4.2, popcnt, avx, avx2, aes, clmul, erms, lzcnt, ht, tsc, tscinvbit, bmi1, bmi2

Memory: 4k page, physical 16198744k(10692916k free), swap 16198744k(9952248k free)

vm_info: Java HotSpot(TM) 64-Bit Server VM (25.92-b14) for windows-amd64 JRE (1.8.0_92-b14), built on Mar 31 2016 21:03:04 by "java_re" with MS VC++ 10.0 (VS2010)

time: Thu Jun 16 08:15:42 2016
elapsed time: 1 seconds (0d 0h 0m 1s)

